<?xml version="1.0" encoding="UTF-8"?>
<!-- Generated by org.testng.reporters.JUnitReportReporter -->
<testsuite hostname="DESKTOP-U7P9US7" failures="0" tests="1" name="maven_package.QAproject.TestCasesNG" time="30.874" errors="0" timestamp="2024-03-29T16:43:08 EET" skipped="0">
  <testcase classname="maven_package.QAproject.TestCasesNG" name="RemoveProductsfromCart" time="30.874"/>
  <system-out>
    <![CDATA[ go to automationexercise website
 Add products to cart and Click 'Cart' button
 Verify that cart page is displayed  and Click 'X' button  to remove particular product
Verify that product is removed from the cart]]>
  </system-out>
</testsuite> <!-- maven_package.QAproject.TestCasesNG -->
