<?xml version="1.0" encoding="UTF-8"?>
<!-- Generated by org.testng.reporters.JUnitReportReporter -->
<testsuite hostname="DESKTOP-U7P9US7" failures="0" tests="1" name="maven_package.ecommerce_project.TestCasesNG" time="30.204" errors="0" timestamp="2024-03-29T16:48:57 EET" skipped="0">
  <testcase classname="maven_package.ecommerce_project.TestCasesNG" name="Login" time="30.204"/>
  <system-out>
    <![CDATA[ go to automationexercise website
Click on 'Signup / Login' button
Enter incorrect email address as sahe3233@gmail.com and incorrect password as A1234
Click 'login' button and Verify error 'Your email or password is incorrect!' is visible ]]>
  </system-out>
</testsuite> <!-- maven_package.ecommerce_project.TestCasesNG -->
